[01:08:01] [Server thread/INFO]: Starting minecraft server version 1.12.2
[01:08:01] [Server thread/INFO]: Loading properties
[01:08:01] [Server thread/INFO]: Default game type: SURVIVAL
[01:08:01] [Server thread/INFO]: Generating keypair
[01:08:01] [Server thread/INFO]: Starting Minecraft server on *:25565
[01:08:01] [Server thread/INFO]: Using epoll channel type
[01:08:01] [Server thread/INFO]: Preparing level "world"
[01:08:01] [Server thread/INFO]: Loaded 488 advancements
[01:08:02] [Server thread/INFO]: Preparing start region for level 0
[01:08:03] [Server thread/INFO]: Preparing spawn area: 7%
[01:08:04] [Server thread/INFO]: Preparing spawn area: 12%
[01:08:05] [Server thread/INFO]: Preparing spawn area: 22%
[01:08:06] [Server thread/INFO]: Preparing spawn area: 34%
[01:08:07] [Server thread/INFO]: Preparing spawn area: 44%
[01:08:08] [Server thread/INFO]: Preparing spawn area: 56%
[01:08:09] [Server thread/INFO]: Preparing spawn area: 65%
[01:08:10] [Server thread/INFO]: Preparing spawn area: 78%
[01:08:11] [Server thread/INFO]: Preparing spawn area: 92%
[01:08:12] [Server thread/INFO]: Done (10.516s)! For help, type "help" or "?"
[01:08:21] [Server thread/INFO]: Stopping the server
[01:08:21] [Server thread/INFO]: Stopping server
[01:08:21] [Server thread/INFO]: Saving players
[01:08:21] [Server thread/INFO]: Saving worlds
[01:08:21] [Server thread/INFO]: Saving chunks for level 'world'/overworld
[01:08:21] [Server thread/INFO]: Saving chunks for level 'world'/the_nether
[01:08:21] [Server thread/INFO]: Saving chunks for level 'world'/the_end
[01:08:22] [Server Shutdown Thread/INFO]: Stopping server
[01:08:22] [Server Shutdown Thread/INFO]: Saving players
[01:08:22] [Server Shutdown Thread/INFO]: Saving worlds
[01:08:22] [Server Shutdown Thread/INFO]: Saving chunks for level 'world'/overworld
